2022-11-28 01:42:18,237 DEBUG decos.py Была вызвана функция main c параметрами () , {}. Вызов из модуля __main__
2022-11-28 01:42:18,237 DEBUG decos.py Была вызвана функция config_load c параметрами () , {}. Вызов из модуля __main__
2022-11-28 01:42:18,238 DEBUG decos.py Была вызвана функция arg_parser c параметрами ('7777', '') , {}. Вызов из модуля __main__
2022-11-28 01:42:18,238 DEBUG server.py Инициализация парсера аргументов коммандной строки: ['server.py']
2022-11-28 01:42:18,240 DEBUG server.py Аргументы успешно загружены.
2022-11-28 01:42:18,328 INFO core.py Запущен сервер, порт для подключений: 7777 , адрес с которого принимаются подключения: . Если адрес не указан, принимаются соединения с любых адресов.
2022-11-28 01:47:37,739 DEBUG decos.py Была вызвана функция main c параметрами () , {}. Вызов из модуля __main__
2022-11-28 01:47:37,739 DEBUG decos.py Была вызвана функция config_load c параметрами () , {}. Вызов из модуля __main__
2022-11-28 01:47:37,740 DEBUG decos.py Была вызвана функция arg_parser c параметрами ('7777', '') , {}. Вызов из модуля __main__
2022-11-28 01:47:37,740 DEBUG server.py Инициализация парсера аргументов коммандной строки: ['server.py']
2022-11-28 01:47:37,743 DEBUG server.py Аргументы успешно загружены.
2022-11-28 01:47:37,829 INFO core.py Запущен сервер, порт для подключений: 7777 , адрес с которого принимаются подключения: . Если адрес не указан, принимаются соединения с любых адресов.
2022-11-28 03:12:45,035 DEBUG decos.py Была вызвана функция arg_parser c параметрами () , {}. Вызов из модуля __main__
2022-11-28 03:13:49,241 DEBUG decos.py Была вызвана функция main c параметрами () , {}. Вызов из модуля __main__
2022-11-28 03:13:49,242 DEBUG decos.py Была вызвана функция config_load c параметрами () , {}. Вызов из модуля __main__
2022-11-28 03:13:49,242 DEBUG decos.py Была вызвана функция arg_parser c параметрами ('7777', '') , {}. Вызов из модуля __main__
2022-11-28 03:13:49,242 DEBUG server.py Инициализация парсера аргументов коммандной строки: ['server.py']
2022-11-28 03:13:49,245 DEBUG server.py Аргументы успешно загружены.
2022-11-28 03:13:49,280 INFO core.py Запущен сервер, порт для подключений: 7777 , адрес с которого принимаются подключения: . Если адрес не указан, принимаются соединения с любых адресов.
2022-11-28 03:14:06,605 DEBUG decos.py Была вызвана функция arg_parser c параметрами () , {}. Вызов из модуля __main__
2022-11-28 03:15:28,707 DEBUG decos.py Была вызвана функция arg_parser c параметрами () , {}. Вызов из модуля __main__
2022-11-28 03:16:57,807 DEBUG decos.py Была вызвана функция arg_parser c параметрами () , {}. Вызов из модуля __main__
2022-11-28 03:36:20,514 DEBUG decos.py Была вызвана функция main c параметрами () , {}. Вызов из модуля __main__
2022-11-28 03:36:20,514 DEBUG decos.py Была вызвана функция config_load c параметрами () , {}. Вызов из модуля __main__
2022-11-28 03:36:20,515 DEBUG decos.py Была вызвана функция arg_parser c параметрами ('7777', '') , {}. Вызов из модуля __main__
2022-11-28 03:36:20,515 DEBUG server.py Инициализация парсера аргументов коммандной строки: ['server.py']
2022-11-28 03:36:20,517 DEBUG server.py Аргументы успешно загружены.
2022-11-28 03:36:20,554 INFO core.py Запущен сервер, порт для подключений: 7777 , адрес с которого принимаются подключения: . Если адрес не указан, принимаются соединения с любых адресов.
2022-11-28 03:37:36,349 DEBUG decos.py Была вызвана функция arg_parser c параметрами () , {}. Вызов из модуля __main__
